<?xml version="1.0" encoding="UTF-8"?>
<testsuite xmlns:xsi="http://www.w3.org/2001/XMLSchema-instance" xsi:noNamespaceSchemaLocation="https://maven.apache.org/surefire/maven-surefire-plugin/xsd/surefire-test-report.xsd" name="com.acme.backdoor.BackdoorTest" time="0.033" tests="1" errors="0" skipped="0" failures="0">
  <properties>
    <property name="java.specification.version" value="21"/>
    <property name="sun.jnu.encoding" value="UTF-8"/>
    <property name="java.class.path" value="/Users/nandangupta/Documents/damn_vulnerable_branch/Damn-vulnerable-sca/backend/target/test-classes:/Users/nandangupta/Documents/damn_vulnerable_branch/Damn-vulnerable-sca/backend/target/classes:/Users/nandangupta/.m2/repository/org/springframework/boot/spring-boot-starter-web/2.1.13.RELEASE/spring-boot-starter-web-2.1.13.RELEASE.jar:/Users/nandangupta/.m2/repository/org/springframework/boot/spring-boot-starter-json/2.1.13.RELEASE/spring-boot-starter-json-2.1.13.RELEASE.jar:/Users/nandangupta/.m2/repository/com/fasterxml/jackson/core/jackson-databind/2.9.10.3/jackson-databind-2.9.10.3.jar:/Users/nandangupta/.m2/repository/com/fasterxml/jackson/core/jackson-core/2.9.10/jackson-core-2.9.10.jar:/Users/nandangupta/.m2/repository/com/fasterxml/jackson/datatype/jackson-datatype-jdk8/2.9.10/jackson-datatype-jdk8-2.9.10.jar:/Users/nandangupta/.m2/repository/com/fasterxml/jackson/datatype/jackson-datatype-jsr310/2.9.10/jackson-datatype-jsr310-2.9.10.jar:/Users/nandangupta/.m2/repository/com/fasterxml/jackson/module/jackson-module-parameter-names/2.9.10/jackson-module-parameter-names-2.9.10.jar:/Users/nandangupta/.m2/repository/org/springframework/boot/spring-boot-starter-tomcat/2.1.13.RELEASE/spring-boot-starter-tomcat-2.1.13.RELEASE.jar:/Users/nandangupta/.m2/repository/org/apache/tomcat/embed/tomcat-embed-core/9.0.31/tomcat-embed-core-9.0.31.jar:/Users/nandangupta/.m2/repository/org/apache/tomcat/embed/tomcat-embed-el/9.0.31/tomcat-embed-el-9.0.31.jar:/Users/nandangupta/.m2/repository/org/apache/tomcat/embed/tomcat-embed-websocket/9.0.31/tomcat-embed-websocket-9.0.31.jar:/Users/nandangupta/.m2/repository/org/hibernate/validator/hibernate-validator/6.0.18.Final/hibernate-validator-6.0.18.Final.jar:/Users/nandangupta/.m2/repository/javax/validation/validation-api/2.0.1.Final/validation-api-2.0.1.Final.jar:/Users/nandangupta/.m2/repository/org/jboss/logging/jboss-logging/3.3.3.Final/jboss-logging-3.3.3.Final.jar:/Users/nandangupta/.m2/repository/com/fasterxml/classmate/1.4.0/classmate-1.4.0.jar:/Users/nandangupta/.m2/repository/org/springframework/spring-web/5.1.14.RELEASE/spring-web-5.1.14.RELEASE.jar:/Users/nandangupta/.m2/repository/org/springframework/spring-beans/5.1.14.RELEASE/spring-beans-5.1.14.RELEASE.jar:/Users/nandangupta/.m2/repository/org/springframework/spring-webmvc/5.1.14.RELEASE/spring-webmvc-5.1.14.RELEASE.jar:/Users/nandangupta/.m2/repository/org/springframework/spring-aop/5.1.14.RELEASE/spring-aop-5.1.14.RELEASE.jar:/Users/nandangupta/.m2/repository/org/springframework/spring-context/5.1.14.RELEASE/spring-context-5.1.14.RELEASE.jar:/Users/nandangupta/.m2/repository/org/springframework/spring-expression/5.1.14.RELEASE/spring-expression-5.1.14.RELEASE.jar:/Users/nandangupta/.m2/repository/org/springframework/boot/spring-boot-starter-data-rest/2.1.13.RELEASE/spring-boot-starter-data-rest-2.1.13.RELEASE.jar:/Users/nandangupta/.m2/repository/org/springframework/data/spring-data-rest-webmvc/3.1.16.RELEASE/spring-data-rest-webmvc-3.1.16.RELEASE.jar:/Users/nandangupta/.m2/repository/org/springframework/data/spring-data-rest-core/3.1.16.RELEASE/spring-data-rest-core-3.1.16.RELEASE.jar:/Users/nandangupta/.m2/repository/org/springframework/spring-tx/5.1.14.RELEASE/spring-tx-5.1.14.RELEASE.jar:/Users/nandangupta/.m2/repository/org/springframework/hateoas/spring-hateoas/0.25.2.RELEASE/spring-hateoas-0.25.2.RELEASE.jar:/Users/nandangupta/.m2/repository/org/springframework/data/spring-data-commons/2.1.16.RELEASE/spring-data-commons-2.1.16.RELEASE.jar:/Users/nandangupta/.m2/repository/org/springframework/plugin/spring-plugin-core/1.2.0.RELEASE/spring-plugin-core-1.2.0.RELEASE.jar:/Users/nandangupta/.m2/repository/org/atteo/evo-inflector/1.2.2/evo-inflector-1.2.2.jar:/Users/nandangupta/.m2/repository/com/fasterxml/jackson/core/jackson-annotations/2.9.10/jackson-annotations-2.9.10.jar:/Users/nandangupta/.m2/repository/com/unboundid/unboundid-ldapsdk/3.1.1/unboundid-ldapsdk-3.1.1.jar:/Users/nandangupta/.m2/repository/br/com/anteros/Anteros-Core/1.1.9/Anteros-Core-1.1.9.jar:/Users/nandangupta/.m2/repository/joda-time/joda-time/2.10.5/joda-time-2.10.5.jar:/Users/nandangupta/.m2/repository/br/com/anteros/Anteros-DBCP/1.0.1/Anteros-DBCP-1.0.1.jar:/Users/nandangupta/.m2/repository/org/slf4j/slf4j-api/1.7.30/slf4j-api-1.7.30.jar:/Users/nandangupta/.m2/repository/com/codahale/metrics/metrics-healthchecks/3.0.2/metrics-healthchecks-3.0.2.jar:/Users/nandangupta/.m2/repository/org/springframework/boot/spring-boot-starter/2.1.13.RELEASE/spring-boot-starter-2.1.13.RELEASE.jar:/Users/nandangupta/.m2/repository/org/springframework/boot/spring-boot/2.1.13.RELEASE/spring-boot-2.1.13.RELEASE.jar:/Users/nandangupta/.m2/repository/org/springframework/boot/spring-boot-autoconfigure/2.1.13.RELEASE/spring-boot-autoconfigure-2.1.13.RELEASE.jar:/Users/nandangupta/.m2/repository/javax/annotation/javax.annotation-api/1.3.2/javax.annotation-api-1.3.2.jar:/Users/nandangupta/.m2/repository/org/springframework/spring-core/5.1.14.RELEASE/spring-core-5.1.14.RELEASE.jar:/Users/nandangupta/.m2/repository/org/springframework/spring-jcl/5.1.14.RELEASE/spring-jcl-5.1.14.RELEASE.jar:/Users/nandangupta/.m2/repository/org/yaml/snakeyaml/1.23/snakeyaml-1.23.jar:/Users/nandangupta/.m2/repository/org/springframework/boot/spring-boot-starter-log4j2/2.1.13.RELEASE/spring-boot-starter-log4j2-2.1.13.RELEASE.jar:/Users/nandangupta/.m2/repository/org/apache/logging/log4j/log4j-slf4j-impl/2.11.2/log4j-slf4j-impl-2.11.2.jar:/Users/nandangupta/.m2/repository/org/apache/logging/log4j/log4j-api/2.11.2/log4j-api-2.11.2.jar:/Users/nandangupta/.m2/repository/org/apache/logging/log4j/log4j-core/2.11.2/log4j-core-2.11.2.jar:/Users/nandangupta/.m2/repository/org/apache/logging/log4j/log4j-jul/2.11.2/log4j-jul-2.11.2.jar:/Users/nandangupta/.m2/repository/org/slf4j/jul-to-slf4j/1.7.30/jul-to-slf4j-1.7.30.jar:/Users/nandangupta/.m2/repository/org/springframework/boot/spring-boot-starter-test/2.1.13.RELEASE/spring-boot-starter-test-2.1.13.RELEASE.jar:/Users/nandangupta/.m2/repository/org/springframework/boot/spring-boot-test/2.1.13.RELEASE/spring-boot-test-2.1.13.RELEASE.jar:/Users/nandangupta/.m2/repository/org/springframework/boot/spring-boot-test-autoconfigure/2.1.13.RELEASE/spring-boot-test-autoconfigure-2.1.13.RELEASE.jar:/Users/nandangupta/.m2/repository/com/jayway/jsonpath/json-path/2.4.0/json-path-2.4.0.jar:/Users/nandangupta/.m2/repository/net/minidev/json-smart/2.3/json-smart-2.3.jar:/Users/nandangupta/.m2/repository/net/minidev/accessors-smart/1.2/accessors-smart-1.2.jar:/Users/nandangupta/.m2/repository/org/ow2/asm/asm/5.0.4/asm-5.0.4.jar:/Users/nandangupta/.m2/repository/junit/junit/4.12/junit-4.12.jar:/Users/nandangupta/.m2/repository/org/assertj/assertj-core/3.11.1/assertj-core-3.11.1.jar:/Users/nandangupta/.m2/repository/org/mockito/mockito-core/2.23.4/mockito-core-2.23.4.jar:/Users/nandangupta/.m2/repository/net/bytebuddy/byte-buddy/1.9.16/byte-buddy-1.9.16.jar:/Users/nandangupta/.m2/repository/net/bytebuddy/byte-buddy-agent/1.9.16/byte-buddy-agent-1.9.16.jar:/Users/nandangupta/.m2/repository/org/objenesis/objenesis/2.6/objenesis-2.6.jar:/Users/nandangupta/.m2/repository/org/hamcrest/hamcrest-core/1.3/hamcrest-core-1.3.jar:/Users/nandangupta/.m2/repository/org/hamcrest/hamcrest-library/1.3/hamcrest-library-1.3.jar:/Users/nandangupta/.m2/repository/org/skyscreamer/jsonassert/1.5.0/jsonassert-1.5.0.jar:/Users/nandangupta/.m2/repository/com/vaadin/external/google/android-json/0.0.20131108.vaadin1/android-json-0.0.20131108.vaadin1.jar:/Users/nandangupta/.m2/repository/org/springframework/spring-test/5.1.14.RELEASE/spring-test-5.1.14.RELEASE.jar:/Users/nandangupta/.m2/repository/org/xmlunit/xmlunit-core/2.6.3/xmlunit-core-2.6.3.jar:/Users/nandangupta/.m2/repository/javax/xml/bind/jaxb-api/2.3.1/jaxb-api-2.3.1.jar:/Users/nandangupta/.m2/repository/javax/activation/javax.activation-api/1.2.0/javax.activation-api-1.2.0.jar:"/>
    <property name="java.vm.vendor" value="Homebrew"/>
    <property name="sun.arch.data.model" value="64"/>
    <property name="java.vendor.url" value="https://github.com/Homebrew/homebrew-core/issues"/>
    <property name="os.name" value="Mac OS X"/>
    <property name="java.vm.specification.version" value="21"/>
    <property name="sun.java.launcher" value="SUN_STANDARD"/>
    <property name="user.country" value="US"/>
    <property name="sun.boot.library.path" value="/opt/homebrew/Cellar/openjdk/21.0.2/libexec/openjdk.jdk/Contents/Home/lib"/>
    <property name="sun.java.command" value="/Users/nandangupta/Documents/damn_vulnerable_branch/Damn-vulnerable-sca/backend/target/surefire/surefirebooter18157321160412408624.jar /Users/nandangupta/Documents/damn_vulnerable_branch/Damn-vulnerable-sca/backend/target/surefire 2024-03-16T22-34-05_206-jvmRun1 surefire5207799377063320511tmp surefire_015594396650370944157tmp"/>
    <property name="http.nonProxyHosts" value="local|*.local|169.254/16|*.169.254/16"/>
    <property name="jdk.debug" value="release"/>
    <property name="surefire.test.class.path" value="/Users/nandangupta/Documents/damn_vulnerable_branch/Damn-vulnerable-sca/backend/target/test-classes:/Users/nandangupta/Documents/damn_vulnerable_branch/Damn-vulnerable-sca/backend/target/classes:/Users/nandangupta/.m2/repository/org/springframework/boot/spring-boot-starter-web/2.1.13.RELEASE/spring-boot-starter-web-2.1.13.RELEASE.jar:/Users/nandangupta/.m2/repository/org/springframework/boot/spring-boot-starter-json/2.1.13.RELEASE/spring-boot-starter-json-2.1.13.RELEASE.jar:/Users/nandangupta/.m2/repository/com/fasterxml/jackson/core/jackson-databind/2.9.10.3/jackson-databind-2.9.10.3.jar:/Users/nandangupta/.m2/repository/com/fasterxml/jackson/core/jackson-core/2.9.10/jackson-core-2.9.10.jar:/Users/nandangupta/.m2/repository/com/fasterxml/jackson/datatype/jackson-datatype-jdk8/2.9.10/jackson-datatype-jdk8-2.9.10.jar:/Users/nandangupta/.m2/repository/com/fasterxml/jackson/datatype/jackson-datatype-jsr310/2.9.10/jackson-datatype-jsr310-2.9.10.jar:/Users/nandangupta/.m2/repository/com/fasterxml/jackson/module/jackson-module-parameter-names/2.9.10/jackson-module-parameter-names-2.9.10.jar:/Users/nandangupta/.m2/repository/org/springframework/boot/spring-boot-starter-tomcat/2.1.13.RELEASE/spring-boot-starter-tomcat-2.1.13.RELEASE.jar:/Users/nandangupta/.m2/repository/org/apache/tomcat/embed/tomcat-embed-core/9.0.31/tomcat-embed-core-9.0.31.jar:/Users/nandangupta/.m2/repository/org/apache/tomcat/embed/tomcat-embed-el/9.0.31/tomcat-embed-el-9.0.31.jar:/Users/nandangupta/.m2/repository/org/apache/tomcat/embed/tomcat-embed-websocket/9.0.31/tomcat-embed-websocket-9.0.31.jar:/Users/nandangupta/.m2/repository/org/hibernate/validator/hibernate-validator/6.0.18.Final/hibernate-validator-6.0.18.Final.jar:/Users/nandangupta/.m2/repository/javax/validation/validation-api/2.0.1.Final/validation-api-2.0.1.Final.jar:/Users/nandangupta/.m2/repository/org/jboss/logging/jboss-logging/3.3.3.Final/jboss-logging-3.3.3.Final.jar:/Users/nandangupta/.m2/repository/com/fasterxml/classmate/1.4.0/classmate-1.4.0.jar:/Users/nandangupta/.m2/repository/org/springframework/spring-web/5.1.14.RELEASE/spring-web-5.1.14.RELEASE.jar:/Users/nandangupta/.m2/repository/org/springframework/spring-beans/5.1.14.RELEASE/spring-beans-5.1.14.RELEASE.jar:/Users/nandangupta/.m2/repository/org/springframework/spring-webmvc/5.1.14.RELEASE/spring-webmvc-5.1.14.RELEASE.jar:/Users/nandangupta/.m2/repository/org/springframework/spring-aop/5.1.14.RELEASE/spring-aop-5.1.14.RELEASE.jar:/Users/nandangupta/.m2/repository/org/springframework/spring-context/5.1.14.RELEASE/spring-context-5.1.14.RELEASE.jar:/Users/nandangupta/.m2/repository/org/springframework/spring-expression/5.1.14.RELEASE/spring-expression-5.1.14.RELEASE.jar:/Users/nandangupta/.m2/repository/org/springframework/boot/spring-boot-starter-data-rest/2.1.13.RELEASE/spring-boot-starter-data-rest-2.1.13.RELEASE.jar:/Users/nandangupta/.m2/repository/org/springframework/data/spring-data-rest-webmvc/3.1.16.RELEASE/spring-data-rest-webmvc-3.1.16.RELEASE.jar:/Users/nandangupta/.m2/repository/org/springframework/data/spring-data-rest-core/3.1.16.RELEASE/spring-data-rest-core-3.1.16.RELEASE.jar:/Users/nandangupta/.m2/repository/org/springframework/spring-tx/5.1.14.RELEASE/spring-tx-5.1.14.RELEASE.jar:/Users/nandangupta/.m2/repository/org/springframework/hateoas/spring-hateoas/0.25.2.RELEASE/spring-hateoas-0.25.2.RELEASE.jar:/Users/nandangupta/.m2/repository/org/springframework/data/spring-data-commons/2.1.16.RELEASE/spring-data-commons-2.1.16.RELEASE.jar:/Users/nandangupta/.m2/repository/org/springframework/plugin/spring-plugin-core/1.2.0.RELEASE/spring-plugin-core-1.2.0.RELEASE.jar:/Users/nandangupta/.m2/repository/org/atteo/evo-inflector/1.2.2/evo-inflector-1.2.2.jar:/Users/nandangupta/.m2/repository/com/fasterxml/jackson/core/jackson-annotations/2.9.10/jackson-annotations-2.9.10.jar:/Users/nandangupta/.m2/repository/com/unboundid/unboundid-ldapsdk/3.1.1/unboundid-ldapsdk-3.1.1.jar:/Users/nandangupta/.m2/repository/br/com/anteros/Anteros-Core/1.1.9/Anteros-Core-1.1.9.jar:/Users/nandangupta/.m2/repository/joda-time/joda-time/2.10.5/joda-time-2.10.5.jar:/Users/nandangupta/.m2/repository/br/com/anteros/Anteros-DBCP/1.0.1/Anteros-DBCP-1.0.1.jar:/Users/nandangupta/.m2/repository/org/slf4j/slf4j-api/1.7.30/slf4j-api-1.7.30.jar:/Users/nandangupta/.m2/repository/com/codahale/metrics/metrics-healthchecks/3.0.2/metrics-healthchecks-3.0.2.jar:/Users/nandangupta/.m2/repository/org/springframework/boot/spring-boot-starter/2.1.13.RELEASE/spring-boot-starter-2.1.13.RELEASE.jar:/Users/nandangupta/.m2/repository/org/springframework/boot/spring-boot/2.1.13.RELEASE/spring-boot-2.1.13.RELEASE.jar:/Users/nandangupta/.m2/repository/org/springframework/boot/spring-boot-autoconfigure/2.1.13.RELEASE/spring-boot-autoconfigure-2.1.13.RELEASE.jar:/Users/nandangupta/.m2/repository/javax/annotation/javax.annotation-api/1.3.2/javax.annotation-api-1.3.2.jar:/Users/nandangupta/.m2/repository/org/springframework/spring-core/5.1.14.RELEASE/spring-core-5.1.14.RELEASE.jar:/Users/nandangupta/.m2/repository/org/springframework/spring-jcl/5.1.14.RELEASE/spring-jcl-5.1.14.RELEASE.jar:/Users/nandangupta/.m2/repository/org/yaml/snakeyaml/1.23/snakeyaml-1.23.jar:/Users/nandangupta/.m2/repository/org/springframework/boot/spring-boot-starter-log4j2/2.1.13.RELEASE/spring-boot-starter-log4j2-2.1.13.RELEASE.jar:/Users/nandangupta/.m2/repository/org/apache/logging/log4j/log4j-slf4j-impl/2.11.2/log4j-slf4j-impl-2.11.2.jar:/Users/nandangupta/.m2/repository/org/apache/logging/log4j/log4j-api/2.11.2/log4j-api-2.11.2.jar:/Users/nandangupta/.m2/repository/org/apache/logging/log4j/log4j-core/2.11.2/log4j-core-2.11.2.jar:/Users/nandangupta/.m2/repository/org/apache/logging/log4j/log4j-jul/2.11.2/log4j-jul-2.11.2.jar:/Users/nandangupta/.m2/repository/org/slf4j/jul-to-slf4j/1.7.30/jul-to-slf4j-1.7.30.jar:/Users/nandangupta/.m2/repository/org/springframework/boot/spring-boot-starter-test/2.1.13.RELEASE/spring-boot-starter-test-2.1.13.RELEASE.jar:/Users/nandangupta/.m2/repository/org/springframework/boot/spring-boot-test/2.1.13.RELEASE/spring-boot-test-2.1.13.RELEASE.jar:/Users/nandangupta/.m2/repository/org/springframework/boot/spring-boot-test-autoconfigure/2.1.13.RELEASE/spring-boot-test-autoconfigure-2.1.13.RELEASE.jar:/Users/nandangupta/.m2/repository/com/jayway/jsonpath/json-path/2.4.0/json-path-2.4.0.jar:/Users/nandangupta/.m2/repository/net/minidev/json-smart/2.3/json-smart-2.3.jar:/Users/nandangupta/.m2/repository/net/minidev/accessors-smart/1.2/accessors-smart-1.2.jar:/Users/nandangupta/.m2/repository/org/ow2/asm/asm/5.0.4/asm-5.0.4.jar:/Users/nandangupta/.m2/repository/junit/junit/4.12/junit-4.12.jar:/Users/nandangupta/.m2/repository/org/assertj/assertj-core/3.11.1/assertj-core-3.11.1.jar:/Users/nandangupta/.m2/repository/org/mockito/mockito-core/2.23.4/mockito-core-2.23.4.jar:/Users/nandangupta/.m2/repository/net/bytebuddy/byte-buddy/1.9.16/byte-buddy-1.9.16.jar:/Users/nandangupta/.m2/repository/net/bytebuddy/byte-buddy-agent/1.9.16/byte-buddy-agent-1.9.16.jar:/Users/nandangupta/.m2/repository/org/objenesis/objenesis/2.6/objenesis-2.6.jar:/Users/nandangupta/.m2/repository/org/hamcrest/hamcrest-core/1.3/hamcrest-core-1.3.jar:/Users/nandangupta/.m2/repository/org/hamcrest/hamcrest-library/1.3/hamcrest-library-1.3.jar:/Users/nandangupta/.m2/repository/org/skyscreamer/jsonassert/1.5.0/jsonassert-1.5.0.jar:/Users/nandangupta/.m2/repository/com/vaadin/external/google/android-json/0.0.20131108.vaadin1/android-json-0.0.20131108.vaadin1.jar:/Users/nandangupta/.m2/repository/org/springframework/spring-test/5.1.14.RELEASE/spring-test-5.1.14.RELEASE.jar:/Users/nandangupta/.m2/repository/org/xmlunit/xmlunit-core/2.6.3/xmlunit-core-2.6.3.jar:/Users/nandangupta/.m2/repository/javax/xml/bind/jaxb-api/2.3.1/jaxb-api-2.3.1.jar:/Users/nandangupta/.m2/repository/javax/activation/javax.activation-api/1.2.0/javax.activation-api-1.2.0.jar:"/>
    <property name="sun.cpu.endian" value="little"/>
    <property name="user.home" value="/Users/nandangupta"/>
    <property name="user.language" value="en"/>
    <property name="java.specification.vendor" value="Oracle Corporation"/>
    <property name="java.version.date" value="2024-01-16"/>
    <property name="java.home" value="/opt/homebrew/Cellar/openjdk/21.0.2/libexec/openjdk.jdk/Contents/Home"/>
    <property name="file.separator" value="/"/>
    <property name="basedir" value="/Users/nandangupta/Documents/damn_vulnerable_branch/Damn-vulnerable-sca/backend"/>
    <property name="java.vm.compressedOopsMode" value="Zero based"/>
    <property name="line.separator" value="&#10;"/>
    <property name="java.vm.specification.vendor" value="Oracle Corporation"/>
    <property name="java.specification.name" value="Java Platform API Specification"/>
    <property name="apple.awt.application.name" value="ForkedBooter"/>
    <property name="surefire.real.class.path" value="/Users/nandangupta/Documents/damn_vulnerable_branch/Damn-vulnerable-sca/backend/target/surefire/surefirebooter18157321160412408624.jar"/>
    <property name="sun.management.compiler" value="HotSpot 64-Bit Tiered Compilers"/>
    <property name="ftp.nonProxyHosts" value="local|*.local|169.254/16|*.169.254/16"/>
    <property name="java.runtime.version" value="21.0.2"/>
    <property name="user.name" value="nandangupta"/>
    <property name="stdout.encoding" value="UTF-8"/>
    <property name="path.separator" value=":"/>
    <property name="os.version" value="13.2.1"/>
    <property name="java.runtime.name" value="OpenJDK Runtime Environment"/>
    <property name="file.encoding" value="UTF-8"/>
    <property name="java.vm.name" value="OpenJDK 64-Bit Server VM"/>
    <property name="java.vendor.version" value="Homebrew"/>
    <property name="localRepository" value="/Users/nandangupta/.m2/repository"/>
    <property name="java.vendor.url.bug" value="https://github.com/Homebrew/homebrew-core/issues"/>
    <property name="java.io.tmpdir" value="/var/folders/7p/8__3llcd5991sbp3n8s9825m0000gn/T/"/>
    <property name="java.version" value="21.0.2"/>
    <property name="user.dir" value="/Users/nandangupta/Documents/damn_vulnerable_branch/Damn-vulnerable-sca/backend"/>
    <property name="os.arch" value="aarch64"/>
    <property name="java.vm.specification.name" value="Java Virtual Machine Specification"/>
    <property name="native.encoding" value="UTF-8"/>
    <property name="java.library.path" value="/Users/nandangupta/Library/Java/Extensions:/Library/Java/Extensions:/Network/Library/Java/Extensions:/System/Library/Java/Extensions:/usr/lib/java:."/>
    <property name="java.vm.info" value="mixed mode, sharing"/>
    <property name="stderr.encoding" value="UTF-8"/>
    <property name="java.vendor" value="Homebrew"/>
    <property name="java.vm.version" value="21.0.2"/>
    <property name="sun.io.unicode.encoding" value="UnicodeBig"/>
    <property name="socksNonProxyHosts" value="local|*.local|169.254/16|*.169.254/16"/>
    <property name="java.class.version" value="65.0"/>
  </properties>
  <testcase name="testInit" classname="com.acme.backdoor.BackdoorTest" time="0.004"/>
</testsuite>